<?xml version="1.0" encoding="UTF-8"?>
<!-- Generated by org.testng.reporters.JUnitReportReporter -->
<testsuite skipped="0" hostname="ATOMAR-MBP.nimblestorage.com" name="com.restassuredpoc.statuses.UserTimelineTest" tests="2" failures="0" timestamp="22 Sep 2017 03:14:38 GMT" time="1.788" errors="0">
  <testcase name="readTweets1" time="1.508" classname="com.restassuredpoc.statuses.UserTimelineTest"/>
  <testcase name="readTweets2" time="0.280" classname="com.restassuredpoc.statuses.UserTimelineTest"/>
</testsuite> <!-- com.restassuredpoc.statuses.UserTimelineTest -->
