<?xml version="1.0" encoding="UTF-8"?>
<!-- Generated by org.testng.reporters.JUnitReportReporter -->
<testsuite skipped="0" hostname="ATOMAR-MBP.nimblestorage.com" name="com.restassuredpoc.statuses.TwitterWorkflowTest" tests="3" failures="0" timestamp="22 Sep 2017 03:14:38 GMT" time="0.842" errors="0">
  <testcase name="readTweet" time="0.231" classname="com.restassuredpoc.statuses.TwitterWorkflowTest"/>
  <testcase name="deleteTweet" time="0.262" classname="com.restassuredpoc.statuses.TwitterWorkflowTest"/>
  <testcase name="postTweet" time="0.349" classname="com.restassuredpoc.statuses.TwitterWorkflowTest"/>
</testsuite> <!-- com.restassuredpoc.statuses.TwitterWorkflowTest -->
