<?xml version="1.0" encoding="UTF-8"?>
<!-- Generated by org.testng.reporters.JUnitReportReporter -->
<testsuite skipped="0" hostname="ATOMAR-MBP.nimblestorage.com" name="com.restassuredpoc.statuses.UserTimelineTest" tests="2" failures="0" timestamp="22 Sep 2017 03:30:46 GMT" time="1.891" errors="0">
  <testcase name="readTweets2" time="0.258" classname="com.restassuredpoc.statuses.UserTimelineTest"/>
  <testcase name="readTweets1" time="1.633" classname="com.restassuredpoc.statuses.UserTimelineTest"/>
</testsuite> <!-- com.restassuredpoc.statuses.UserTimelineTest -->
